# JRE version: OpenJDK Runtime Environment Temurin-21.0.6+7 (21.0.6+7) (build 21.0.6+7-LTS)
# Java VM: OpenJDK 64-Bit Server VM Temurin-21.0.6+7 (21.0.6+7-LTS, mixed mode, emulated-client, sharing, tiered, compressed oops, compressed class ptrs, g1 gc, bsd-amd64)
GC Precious Log:
 CardTable entry size: 512
 Card Set container configuration: InlinePtr #cards 5 size 8 Array Of Cards #cards 12 size 40 Howl #buckets 4 coarsen threshold 1843 Howl Bitmap #cards 512 size 80 coarsen threshold 460 Card regions per heap region 1 cards per card region 2048
 CPUs: 8 total, 8 available
 Memory: 8192M
 Large Page Support: Disabled
 NUMA Support: Disabled
 Compressed Oops: Enabled (Zero based)
 Heap Region Size: 1M
 Heap Min Capacity: 8M
 Heap Initial Capacity: 128M
 Heap Max Capacity: 2G
 Pre-touch: Disabled
 Parallel Workers: 8
 Concurrent Workers: 2
 Concurrent Refinement Workers: 8
 Periodic GC: Disabled
Heap:
 garbage-first heap   total 89088K, used 75601K [0x0000000780000000, 0x0000000800000000)
  region size 1024K, 46 young (47104K), 4 survivors (4096K)
 Metaspace       used 84336K, committed 85120K, reserved 1179648K
  class space    used 11607K, committed 11968K, reserved 1048576K
GC Heap History (20 events):
Event: 3827.413 GC heap after
{Heap after GC invocations=57 (full 6):
 garbage-first heap   total 89088K, used 30959K [0x0000000780000000, 0x0000000800000000)
  region size 1024K, 0 young (0K), 0 survivors (0K)
 Metaspace       used 82427K, committed 83200K, reserved 1179648K
  class space    used 11440K, committed 11776K, reserved 1048576K
}
Event: 3828.628 GC heap before
{Heap before GC invocations=57 (full 6):
 garbage-first heap   total 89088K, used 73967K [0x0000000780000000, 0x0000000800000000)
  region size 1024K, 43 young (44032K), 0 survivors (0K)
 Metaspace       used 82573K, committed 83328K, reserved 1179648K
  class space    used 11457K, committed 11776K, reserved 1048576K
}
Event: 3828.631 GC heap after
{Heap after GC invocations=58 (full 6):
 garbage-first heap   total 89088K, used 35055K [0x0000000780000000, 0x0000000800000000)
  region size 1024K, 4 young (4096K), 4 survivors (4096K)
 Metaspace       used 82573K, committed 83328K, reserved 1179648K
  class space    used 11457K, committed 11776K, reserved 1048576K
}
Event: 3829.871 GC heap before
{Heap before GC invocations=59 (full 6):
 garbage-first heap   total 89088K, used 76015K [0x0000000780000000, 0x0000000800000000)
  region size 1024K, 44 young (45056K), 4 survivors (4096K)
 Metaspace       used 82975K, committed 83712K, reserved 1179648K
  class space    used 11488K, committed 11776K, reserved 1048576K
}
Event: 3829.875 GC heap after
{Heap after GC invocations=60 (full 6):
 garbage-first heap   total 89088K, used 38489K [0x0000000780000000, 0x0000000800000000)
  region size 1024K, 4 young (4096K), 4 survivors (4096K)
 Metaspace       used 82975K, committed 83712K, reserved 1179648K
  class space    used 11488K, committed 11776K, reserved 1048576K
}
Event: 3933.579 GC heap before
{Heap before GC invocations=60 (full 6):
 garbage-first heap   total 89088K, used 49753K [0x0000000780000000, 0x0000000800000000)
  region size 1024K, 16 young (16384K), 4 survivors (4096K)
 Metaspace       used 82991K, committed 83712K, reserved 1179648K
  class space    used 11490K, committed 11776K, reserved 1048576K
}
Event: 3933.761 GC heap after
{Heap after GC invocations=61 (full 7):
 garbage-first heap   total 89088K, used 30867K [0x0000000780000000, 0x0000000800000000)
  region size 1024K, 0 young (0K), 0 survivors (0K)
 Metaspace       used 82978K, committed 83712K, reserved 1179648K
  class space    used 11487K, committed 11776K, reserved 1048576K
}
Event: 3934.933 GC heap before
{Heap before GC invocations=61 (full 7):
 garbage-first heap   total 89088K, used 74899K [0x0000000780000000, 0x0000000800000000)
  region size 1024K, 44 young (45056K), 0 survivors (0K)
 Metaspace       used 83122K, committed 83904K, reserved 1179648K
  class space    used 11506K, committed 11840K, reserved 1048576K
}
Event: 3934.936 GC heap after
{Heap after GC invocations=62 (full 7):
 garbage-first heap   total 89088K, used 34963K [0x0000000780000000, 0x0000000800000000)
  region size 1024K, 4 young (4096K), 4 survivors (4096K)
 Metaspace       used 83122K, committed 83904K, reserved 1179648K
  class space    used 11506K, committed 11840K, reserved 1048576K
}
Event: 3936.210 GC heap before
{Heap before GC invocations=63 (full 7):
 garbage-first heap   total 89088K, used 76947K [0x0000000780000000, 0x0000000800000000)
  region size 1024K, 45 young (46080K), 4 survivors (4096K)
 Metaspace       used 83523K, committed 84288K, reserved 1179648K
  class space    used 11536K, committed 11840K, reserved 1048576K
}
Event: 3936.216 GC heap after
{Heap after GC invocations=64 (full 7):
 garbage-first heap   total 89088K, used 38971K [0x0000000780000000, 0x0000000800000000)
  region size 1024K, 5 young (5120K), 5 survivors (5120K)
 Metaspace       used 83523K, committed 84288K, reserved 1179648K
  class space    used 11536K, committed 11840K, reserved 1048576K
}
Event: 3955.998 GC heap before
{Heap before GC invocations=64 (full 7):
 garbage-first heap   total 89088K, used 44091K [0x0000000780000000, 0x0000000800000000)
  region size 1024K, 11 young (11264K), 5 survivors (5120K)
 Metaspace       used 83526K, committed 84288K, reserved 1179648K
  class space    used 11537K, committed 11840K, reserved 1048576K
}
Event: 3956.131 GC heap after
{Heap after GC invocations=65 (full 8):
 garbage-first heap   total 89088K, used 31019K [0x0000000780000000, 0x0000000800000000)
  region size 1024K, 0 young (0K), 0 survivors (0K)
 Metaspace       used 83513K, committed 84288K, reserved 1179648K
  class space    used 11534K, committed 11840K, reserved 1048576K
}
Event: 3957.386 GC heap before
{Heap before GC invocations=65 (full 8):
 garbage-first heap   total 89088K, used 75051K [0x0000000780000000, 0x0000000800000000)
  region size 1024K, 44 young (45056K), 0 survivors (0K)
 Metaspace       used 83655K, committed 84480K, reserved 1179648K
  class space    used 11551K, committed 11904K, reserved 1048576K
}
Event: 3957.389 GC heap after
{Heap after GC invocations=66 (full 8):
 garbage-first heap   total 89088K, used 35032K [0x0000000780000000, 0x0000000800000000)
  region size 1024K, 4 young (4096K), 4 survivors (4096K)
 Metaspace       used 83655K, committed 84480K, reserved 1179648K
  class space    used 11551K, committed 11904K, reserved 1048576K
}
Event: 3958.737 GC heap before
{Heap before GC invocations=67 (full 8):
 garbage-first heap   total 89088K, used 77016K [0x0000000780000000, 0x0000000800000000)
  region size 1024K, 45 young (46080K), 4 survivors (4096K)
 Metaspace       used 84049K, committed 84800K, reserved 1179648K
  class space    used 11577K, committed 11904K, reserved 1048576K
}
Event: 3958.743 GC heap after
{Heap after GC invocations=68 (full 8):
 garbage-first heap   total 89088K, used 38082K [0x0000000780000000, 0x0000000800000000)
  region size 1024K, 4 young (4096K), 4 survivors (4096K)
 Metaspace       used 84049K, committed 84800K, reserved 1179648K
  class space    used 11577K, committed 11904K, reserved 1048576K
}
Event: 4258.505 GC heap before
{Heap before GC invocations=68 (full 8):
 garbage-first heap   total 89088K, used 51394K [0x0000000780000000, 0x0000000800000000)
  region size 1024K, 18 young (18432K), 4 survivors (4096K)
 Metaspace       used 84193K, committed 84928K, reserved 1179648K
  class space    used 11590K, committed 11904K, reserved 1048576K
}
Event: 4258.633 GC heap after
{Heap after GC invocations=69 (full 9):
 garbage-first heap   total 89088K, used 32595K [0x0000000780000000, 0x0000000800000000)
  region size 1024K, 0 young (0K), 0 survivors (0K)
 Metaspace       used 84186K, committed 84928K, reserved 1179648K
  class space    used 11589K, committed 11904K, reserved 1048576K
}
Event: 4259.840 GC heap before
{Heap before GC invocations=69 (full 9):
 garbage-first heap   total 89088K, used 74579K [0x0000000780000000, 0x0000000800000000)
  region size 1024K, 42 young (43008K), 0 survivors (0K)
 Metaspace       used 84336K, committed 85120K, reserved 1179648K
  class space    used 11607K, committed 11968K, reserved 1048576K
}

